<?xml version="1.0" encoding="UTF-8"?>
<testng-results skipped="0" failed="1" total="1" passed="0">
  <reporter-output>
  </reporter-output>
  <suite name="Default suite" duration-ms="695812" started-at="2018-05-10T10:59:52Z" finished-at="2018-05-10T11:11:28Z">
    <groups>
    </groups>
    <test name="Default test" duration-ms="695812" started-at="2018-05-10T10:59:52Z" finished-at="2018-05-10T11:11:28Z">
      <class name="samples.Base2">
        <test-method status="PASS" signature="setup()[pri:0, instance:samples.Base2@13afe78]" name="setup" is-config="true" duration-ms="611528" started-at="2018-05-10T16:29:52Z" finished-at="2018-05-10T16:40:04Z">
          <reporter-output>
          </reporter-output>
        </test-method> <!-- setup -->
        <test-method status="FAIL" signature="Login()[pri:0, instance:samples.Base2@13afe78]" name="Login" duration-ms="82037" started-at="2018-05-10T16:40:04Z" finished-at="2018-05-10T16:41:26Z">
          <exception class="org.openqa.selenium.NoSuchElementException">
            <message>
              <![CDATA[An element could not be located on the page using the given search parameters. (WARNING: The server did not provide any stacktrace information)
Command duration or timeout: 0 milliseconds
For documentation on this error, please visit: http://seleniumhq.org/exceptions/no_such_element.html
Build info: version: '3.11.0', revision: 'e59cfb3', time: '2018-03-11T20:26:55.152Z'
System info: host: 'SMACAR-LP-W', ip: '10.99.3.122', os.name: 'Windows 10', os.arch: 'x86', os.version: '10.0', java.version: '1.8.0_162'
Driver info: io.appium.java_client.android.AndroidDriver
Capabilities {adbPort: 15030, appActivity: com.smacar.zooponandroid.ac..., appPackage: com.smacar.zooponandroid, chromedriverChromeMappingFile: /root/.testobject_devices/w..., chromedriverExecutableDir: /root/.testobject_devices/w..., databaseEnabled: false, desired: {adbPort: 15030, appActivity: com.smacar.zooponandroid.ac..., appPackage: com.smacar.zooponandroid, chromedriverChromeMappingFile: /root/.testobject_devices/w..., chromedriverExecutableDir: /root/.testobject_devices/w..., deviceName: LG_Nexus_5X_free, platformName: Android, privateDevicesOnly: false, systemPort: 8230, tabletOnly : false, testobjectApiKey: 4AC37AA869C14629B5930AAFD19..., testobject_api_key: 4AC37AA869C14629B5930AAFD19..., testobject_device: LG_Nexus_5X_free, testobject_phone_only: true, testobject_platform_name: Android}, deviceManufacturer: LGE, deviceModel: Nexus 5X, deviceName: 00da2e9e0fbd18d7, deviceScreenSize: 1080x1920, deviceUDID: 00da2e9e0fbd18d7, javascriptEnabled: true, locationContextEnabled: false, networkConnectionEnabled: true, platform: LINUX, platformName: LINUX, platformVersion: 8.0, privateDevicesOnly: false, systemPort: 8230, tabletOnly : false, takesScreenshot: true, testobjectApiKey: 4AC37AA869C14629B5930AAFD19..., testobject_api_key: 4AC37AA869C14629B5930AAFD19..., testobject_device: LG_Nexus_5X_free, testobject_device_name: LG Nexus 5X Free, testobject_device_session_id: c3c3e20b-2ecf-4d42-abd8-c6d..., testobject_phone_only: true, testobject_platform_name: Android, testobject_project_id: zoopon, testobject_test_live_view_url: https://app.testobject.com/..., testobject_test_report_id: 8, testobject_test_report_url: https://app.testobject.com/..., testobject_user_id: anvar07, warnings: {}, webStorageEnabled: false}
Session ID: 22760ec6-5c04-44d8-9234-894efce487ea
*** Element info: {Using=id, value=com.smacar.zooponandroid:id/create_useraccount_button}]]>
            </message>
            <full-stacktrace>
              <![CDATA[org.openqa.selenium.NoSuchElementException: An element could not be located on the page using the given search parameters. (WARNING: The server did not provide any stacktrace information)
Command duration or timeout: 0 milliseconds
For documentation on this error, please visit: http://seleniumhq.org/exceptions/no_such_element.html
Build info: version: '3.11.0', revision: 'e59cfb3', time: '2018-03-11T20:26:55.152Z'
System info: host: 'SMACAR-LP-W', ip: '10.99.3.122', os.name: 'Windows 10', os.arch: 'x86', os.version: '10.0', java.version: '1.8.0_162'
Driver info: io.appium.java_client.android.AndroidDriver
Capabilities {adbPort: 15030, appActivity: com.smacar.zooponandroid.ac..., appPackage: com.smacar.zooponandroid, chromedriverChromeMappingFile: /root/.testobject_devices/w..., chromedriverExecutableDir: /root/.testobject_devices/w..., databaseEnabled: false, desired: {adbPort: 15030, appActivity: com.smacar.zooponandroid.ac..., appPackage: com.smacar.zooponandroid, chromedriverChromeMappingFile: /root/.testobject_devices/w..., chromedriverExecutableDir: /root/.testobject_devices/w..., deviceName: LG_Nexus_5X_free, platformName: Android, privateDevicesOnly: false, systemPort: 8230, tabletOnly : false, testobjectApiKey: 4AC37AA869C14629B5930AAFD19..., testobject_api_key: 4AC37AA869C14629B5930AAFD19..., testobject_device: LG_Nexus_5X_free, testobject_phone_only: true, testobject_platform_name: Android}, deviceManufacturer: LGE, deviceModel: Nexus 5X, deviceName: 00da2e9e0fbd18d7, deviceScreenSize: 1080x1920, deviceUDID: 00da2e9e0fbd18d7, javascriptEnabled: true, locationContextEnabled: false, networkConnectionEnabled: true, platform: LINUX, platformName: LINUX, platformVersion: 8.0, privateDevicesOnly: false, systemPort: 8230, tabletOnly : false, takesScreenshot: true, testobjectApiKey: 4AC37AA869C14629B5930AAFD19..., testobject_api_key: 4AC37AA869C14629B5930AAFD19..., testobject_device: LG_Nexus_5X_free, testobject_device_name: LG Nexus 5X Free, testobject_device_session_id: c3c3e20b-2ecf-4d42-abd8-c6d..., testobject_phone_only: true, testobject_platform_name: Android, testobject_project_id: zoopon, testobject_test_live_view_url: https://app.testobject.com/..., testobject_test_report_id: 8, testobject_test_report_url: https://app.testobject.com/..., testobject_user_id: anvar07, warnings: {}, webStorageEnabled: false}
Session ID: 22760ec6-5c04-44d8-9234-894efce487ea
*** Element info: {Using=id, value=com.smacar.zooponandroid:id/create_useraccount_button}
	at sun.reflect.NativeConstructorAccessorImpl.newInstance0(Native Method)
	at sun.reflect.NativeConstructorAccessorImpl.newInstance(NativeConstructorAccessorImpl.java:62)
	at sun.reflect.DelegatingConstructorAccessorImpl.newInstance(DelegatingConstructorAccessorImpl.java:45)
	at java.lang.reflect.Constructor.newInstance(Constructor.java:423)
	at org.openqa.selenium.remote.ErrorHandler.createThrowable(ErrorHandler.java:214)
	at org.openqa.selenium.remote.ErrorHandler.throwIfResponseFailed(ErrorHandler.java:166)
	at org.openqa.selenium.remote.http.JsonHttpResponseCodec.reconstructValue(JsonHttpResponseCodec.java:40)
	at org.openqa.selenium.remote.http.AbstractHttpResponseCodec.decode(AbstractHttpResponseCodec.java:80)
	at org.openqa.selenium.remote.http.AbstractHttpResponseCodec.decode(AbstractHttpResponseCodec.java:44)
	at org.openqa.selenium.remote.HttpCommandExecutor.execute(HttpCommandExecutor.java:158)
	at io.appium.java_client.remote.AppiumCommandExecutor.execute(AppiumCommandExecutor.java:129)
	at org.openqa.selenium.remote.RemoteWebDriver.execute(RemoteWebDriver.java:545)
	at io.appium.java_client.DefaultGenericMobileDriver.execute(DefaultGenericMobileDriver.java:42)
	at io.appium.java_client.AppiumDriver.execute(AppiumDriver.java:1)
	at io.appium.java_client.android.AndroidDriver.execute(AndroidDriver.java:1)
	at org.openqa.selenium.remote.RemoteWebDriver.findElement(RemoteWebDriver.java:319)
	at io.appium.java_client.DefaultGenericMobileDriver.findElement(DefaultGenericMobileDriver.java:62)
	at io.appium.java_client.AppiumDriver.findElement(AppiumDriver.java:1)
	at io.appium.java_client.android.AndroidDriver.findElement(AndroidDriver.java:1)
	at org.openqa.selenium.remote.RemoteWebDriver.findElementById(RemoteWebDriver.java:365)
	at io.appium.java_client.DefaultGenericMobileDriver.findElementById(DefaultGenericMobileDriver.java:70)
	at io.appium.java_client.AppiumDriver.findElementById(AppiumDriver.java:1)
	at io.appium.java_client.android.AndroidDriver.findElementById(AndroidDriver.java:1)
	at samples.Base2.Login(Base2.java:97)
	at sun.reflect.NativeMethodAccessorImpl.invoke0(Native Method)
	at sun.reflect.NativeMethodAccessorImpl.invoke(NativeMethodAccessorImpl.java:62)
	at sun.reflect.DelegatingMethodAccessorImpl.invoke(DelegatingMethodAccessorImpl.java:43)
	at java.lang.reflect.Method.invoke(Method.java:498)
	at org.testng.internal.MethodInvocationHelper.invokeMethod(MethodInvocationHelper.java:85)
	at org.testng.internal.Invoker.invokeMethod(Invoker.java:639)
	at org.testng.internal.Invoker.invokeTestMethod(Invoker.java:816)
	at org.testng.internal.Invoker.invokeTestMethods(Invoker.java:1124)
	at org.testng.internal.TestMethodWorker.invokeTestMethods(TestMethodWorker.java:124)
	at org.testng.internal.TestMethodWorker.run(TestMethodWorker.java:108)
	at org.testng.TestRunner.privateRun(TestRunner.java:773)
	at org.testng.TestRunner.run(TestRunner.java:623)
	at org.testng.SuiteRunner.runTest(SuiteRunner.java:359)
	at org.testng.SuiteRunner.runSequentially(SuiteRunner.java:354)
	at org.testng.SuiteRunner.privateRun(SuiteRunner.java:312)
	at org.testng.SuiteRunner.run(SuiteRunner.java:261)
	at org.testng.SuiteRunnerWorker.runSuite(SuiteRunnerWorker.java:52)
	at org.testng.SuiteRunnerWorker.run(SuiteRunnerWorker.java:86)
	at org.testng.TestNG.runSuitesSequentially(TestNG.java:1185)
	at org.testng.TestNG.runSuitesLocally(TestNG.java:1110)
	at org.testng.TestNG.run(TestNG.java:1018)
	at org.testng.remote.RemoteTestNG.run(RemoteTestNG.java:112)
	at org.testng.remote.RemoteTestNG.initAndRun(RemoteTestNG.java:205)
	at org.testng.remote.RemoteTestNG.main(RemoteTestNG.java:176)
]]>
            </full-stacktrace>
          </exception> <!-- org.openqa.selenium.NoSuchElementException -->
          <reporter-output>
          </reporter-output>
        </test-method> <!-- Login -->
        <test-method status="PASS" signature="teardown()[pri:0, instance:samples.Base2@13afe78]" name="teardown" is-config="true" duration-ms="2211" started-at="2018-05-10T16:41:26Z" finished-at="2018-05-10T16:41:28Z">
          <reporter-output>
          </reporter-output>
        </test-method> <!-- teardown -->
      </class> <!-- samples.Base2 -->
    </test> <!-- Default test -->
  </suite> <!-- Default suite -->
</testng-results>
